app/build/outputs/logs/manifest-merger-debug-report.txt
-- Merging decision tree log ---
manifest
ADDED from src/main/AndroidManifest.xml:2:1-153:12
INJECTED from src/main/AndroidManifest.xml:2:1-153:12
INJECTED from src/main/AndroidManifest.xml:2:1-153:12
INJECTED from src/main/AndroidManifest.xml:2:1-153:12
MERGED from [com.android.support:design:27.1.1] AndroidManifest.xml:17:1-22:12
MERGED from [com.android.support:appcompat-v7:27.1.1] AndroidManifest.xml:17:1-22:12
MERGED from [com.journeyapps:zxing-android-embedded:3.3.0] AndroidManifest.xml:17:1-55:12
MERGED from [com.android.support:support-v4:27.1.1] AndroidManifest.xml:17:1-22:12
MERGED from [com.android.support:support-fragment:27.1.1] AndroidManifest.xml:17:1-22:12
MERGED from [com.android.support:animated-vector-drawable:27.1.1] AndroidManifest.xml:17:1-22:12
MERGED from [com.android.support:recyclerview-v7:27.1.1] AndroidManifest.xml:17:1-22:12
MERGED from [com.android.support:support-core-ui:27.1.1] AndroidManifest.xml:17:1-22:12
MERGED from [com.android.support:support-core-utils:27.1.1] AndroidManifest.xml:17:1-22:12
MERGED from [com.android.support:support-vector-drawable:27.1.1] AndroidManifest.xml:17:1-22:12
MERGED from [com.android.support:transition:27.1.1] AndroidManifest.xml:17:1-22:12
MERGED from [com.android.support:support-media-compat:27.1.1] AndroidManifest.xml:17:1-22:12
MERGED from [com.android.support:support-compat:27.1.1] AndroidManifest.xml:17:1-22:12
MERGED from [android.arch.lifecycle:livedata-core:1.1.0] AndroidManifest.xml:17:1-22:12
MERGED from [android.arch.lifecycle:viewmodel:1.1.0] AndroidManifest.xml:17:1-22:12
MERGED from [android.arch.lifecycle:runtime:1.1.0] AndroidManifest.xml:17:1-22:12
MERGED from [android.arch.core:runtime:1.1.0] AndroidManifest.xml:17:1-22:12
INJECTED from src/main/AndroidManifest.xml:2:1-153:12
INJECTED from src/main/AndroidManifest.xml:2:1-153:12
INJECTED from src/main/AndroidManifest.xml:2:1-153:12
	package
		ADDED from src/main/AndroidManifest.xml:3:5-35
		INJECTED from src/main/AndroidManifest.xml
		INJECTED from src/main/AndroidManifest.xml
	android:versionName
		INJECTED from src/main/AndroidManifest.xml
		ADDED from src/main/AndroidManifest.xml:2:1-153:12
		INJECTED from src/main/AndroidManifest.xml
	android:versionCode
		INJECTED from src/main/AndroidManifest.xml
		ADDED from src/main/AndroidManifest.xml:2:1-153:12
		INJECTED from src/main/AndroidManifest.xml
	xmlns:android
		ADDED from src/main/AndroidManifest.xml:2:11-69
permission#com.uplink.selfstore.permission.JPUSH_MESSAGE
ADDED from src/main/AndroidManifest.xml:5:5-7:47
	android:protectionLevel
		ADDED from src/main/AndroidManifest.xml:7:9-44
	android:name
		ADDED from src/main/AndroidManifest.xml:6:9-69
uses-permission#android.permission.CALL_PHONE
ADDED from src/main/AndroidManifest.xml:9:5-69
	android:name
		ADDED from src/main/AndroidManifest.xml:9:22-66
uses-permission#android.permission.MODIFY_PHONE_STATE
ADDED from src/main/AndroidManifest.xml:10:5-77
	android:name
		ADDED from src/main/AndroidManifest.xml:10:22-74
uses-permission#com.uplink.selfstore.permission.JPUSH_MESSAGE
ADDED from src/main/AndroidManifest.xml:11:5-85
	android:name
		ADDED from src/main/AndroidManifest.xml:11:22-82
uses-permission#android.permission.RECEIVE_USER_PRESENT
ADDED from src/main/AndroidManifest.xml:12:5-79
	android:name
		ADDED from src/main/AndroidManifest.xml:12:22-76
uses-permission#android.permission.CAMERA
ADDED from src/main/AndroidManifest.xml:13:5-65
MERGED from [com.journeyapps:zxing-android-embedded:3.3.0] AndroidManifest.xml:21:5-65
MERGED from [com.journeyapps:zxing-android-embedded:3.3.0] AndroidManifest.xml:21:5-65
	android:name
		ADDED from src/main/AndroidManifest.xml:13:22-62
uses-permission#android.permission.INTERNET
ADDED from src/main/AndroidManifest.xml:14:5-67
	android:name
		ADDED from src/main/AndroidManifest.xml:14:22-64
uses-permission#android.permission.ACCESS_WIFI_STATE
ADDED from src/main/AndroidManifest.xml:15:5-76
	android:name
		ADDED from src/main/AndroidManifest.xml:15:22-73
uses-permission#android.permission.READ_EXTERNAL_STORAGE
ADDED from src/main/AndroidManifest.xml:16:5-80
	android:name
		ADDED from src/main/AndroidManifest.xml:16:22-77
uses-permission#android.permission.WRITE_EXTERNAL_STORAGE
ADDED from src/main/AndroidManifest.xml:17:5-81
	android:name
		ADDED from src/main/AndroidManifest.xml:17:22-78
uses-permission#android.permission.MODIFY_AUDIO_SETTINGS
ADDED from src/main/AndroidManifest.xml:18:5-80
	android:name
		ADDED from src/main/AndroidManifest.xml:18:22-77
uses-permission#android.permission.SYSTEM_ALERT_WINDOW
ADDED from src/main/AndroidManifest.xml:19:5-78
	android:name
		ADDED from src/main/AndroidManifest.xml:19:22-75
uses-permission#android.permission.ACCESS_FINE_LOCATION
ADDED from src/main/AndroidManifest.xml:20:5-79
	android:name
		ADDED from src/main/AndroidManifest.xml:20:22-76
uses-permission#android.permission.CHANGE_WIFI_STATE
ADDED from src/main/AndroidManifest.xml:21:5-76
	android:name
		ADDED from src/main/AndroidManifest.xml:21:22-73
uses-permission#android.permission.CHANGE_CONFIGURATION
ADDED from src/main/AndroidManifest.xml:22:5-79
	android:name
		ADDED from src/main/AndroidManifest.xml:22:22-76
uses-permission#android.permission.WAKE_LOCK
ADDED from src/main/AndroidManifest.xml:23:5-68
	android:name
		ADDED from src/main/AndroidManifest.xml:23:22-65
uses-permission#android.permission.VIBRATE
ADDED from src/main/AndroidManifest.xml:24:5-66
	android:name
		ADDED from src/main/AndroidManifest.xml:24:22-63
uses-permission#android.permission.WRITE_SETTINGS
ADDED from src/main/AndroidManifest.xml:25:5-73
	android:name
		ADDED from src/main/AndroidManifest.xml:25:22-70
uses-permission#android.permission.RECEIVE_BOOT_COMPLETED
ADDED from src/main/AndroidManifest.xml:26:5-81
	android:name
		ADDED from src/main/AndroidManifest.xml:26:22-78
uses-permission#android.permission.MOUNT_UNMOUNT_FILESYSTEMS
ADDED from src/main/AndroidManifest.xml:27:5-84
	android:name
		ADDED from src/main/AndroidManifest.xml:27:22-81
uses-permission#android.permission.READ_LOGS
ADDED from src/main/AndroidManifest.xml:28:5-68
	android:name
		ADDED from src/main/AndroidManifest.xml:28:22-65
uses-permission#android.permission.EXPAND_STATUS_BAR
ADDED from src/main/AndroidManifest.xml:29:5-76
	android:name
		ADDED from src/main/AndroidManifest.xml:29:22-73
uses-permission#android.permission.READ_PHONE_STATE
ADDED from src/main/AndroidManifest.xml:30:5-75
	android:name
		ADDED from src/main/AndroidManifest.xml:30:22-72
uses-permission#android.permission.ACCESS_COARSE_LOCATION
ADDED from src/main/AndroidManifest.xml:31:5-81
	android:name
		ADDED from src/main/AndroidManifest.xml:31:22-78
uses-permission#android.permission.ACCESS_NETWORK_STATE
ADDED from src/main/AndroidManifest.xml:32:5-79
	android:name
		ADDED from src/main/AndroidManifest.xml:32:22-76
uses-permission#android.permission.GET_TASKS
ADDED from src/main/AndroidManifest.xml:33:5-68
	android:name
		ADDED from src/main/AndroidManifest.xml:33:22-65
uses-permission#android.permission.RECORD_AUDIO
ADDED from src/main/AndroidManifest.xml:34:5-71
	android:name
		ADDED from src/main/AndroidManifest.xml:34:22-68
uses-permission#com.android.launcher.permission.WRITE_SETTINGS
ADDED from src/main/AndroidManifest.xml:35:5-86
	android:name
		ADDED from src/main/AndroidManifest.xml:35:22-83
uses-feature#android.hardware.camera
ADDED from src/main/AndroidManifest.xml:37:5-60
MERGED from [com.journeyapps:zxing-android-embedded:3.3.0] AndroidManifest.xml:24:5-26:36
MERGED from [com.journeyapps:zxing-android-embedded:3.3.0] AndroidManifest.xml:24:5-26:36
	android:name
		ADDED from src/main/AndroidManifest.xml:37:19-57
uses-feature#android.hardware.camera.autofocus
ADDED from src/main/AndroidManifest.xml:38:5-70
MERGED from [com.journeyapps:zxing-android-embedded:3.3.0] AndroidManifest.xml:32:5-34:36
MERGED from [com.journeyapps:zxing-android-embedded:3.3.0] AndroidManifest.xml:32:5-34:36
	android:name
		ADDED from src/main/AndroidManifest.xml:38:19-67
permission#android.permission.WRITE_APN_SETTINGS
ADDED from src/main/AndroidManifest.xml:40:5-72
	android:name
		ADDED from src/main/AndroidManifest.xml:40:17-69
application
ADDED from src/main/AndroidManifest.xml:42:5-151:19
MERGED from [com.journeyapps:zxing-android-embedded:3.3.0] AndroidManifest.xml:45:5-53:19
MERGED from [com.journeyapps:zxing-android-embedded:3.3.0] AndroidManifest.xml:45:5-53:19
	android:supportsRtl
		ADDED from src/main/AndroidManifest.xml:47:9-35
	android:label
		ADDED from src/main/AndroidManifest.xml:46:9-41
	android:icon
		ADDED from src/main/AndroidManifest.xml:45:9-49
	android:allowBackup
		ADDED from src/main/AndroidManifest.xml:44:9-35
	android:theme
		ADDED from src/main/AndroidManifest.xml:48:9-40
	android:name
		ADDED from src/main/AndroidManifest.xml:43:9-39
activity#com.uplink.selfstore.activity.InitDataActivity
ADDED from src/main/AndroidManifest.xml:61:9-67:20
	android:name
		ADDED from src/main/AndroidManifest.xml:61:19-60
intent-filter#action:name:android.intent.action.MAIN+category:name:android.intent.category.LAUNCHER
ADDED from src/main/AndroidManifest.xml:62:13-66:29
action#android.intent.action.MAIN
ADDED from src/main/AndroidManifest.xml:63:17-69
	android:name
		ADDED from src/main/AndroidManifest.xml:63:25-66
category#android.intent.category.LAUNCHER
ADDED from src/main/AndroidManifest.xml:65:17-77
	android:name
		ADDED from src/main/AndroidManifest.xml:65:27-74
activity#com.uplink.selfstore.activity.SmRunExHandleActivity
ADDED from src/main/AndroidManifest.xml:68:9-68
	android:name
		ADDED from src/main/AndroidManifest.xml:68:19-65
activity#com.uplink.selfstore.activity.OrderDetailsActivity
ADDED from src/main/AndroidManifest.xml:69:9-71:47
	android:launchMode
		ADDED from src/main/AndroidManifest.xml:71:13-44
	android:name
		ADDED from src/main/AndroidManifest.xml:70:13-58
activity#com.uplink.selfstore.activity.SmUserInfoActivity
ADDED from src/main/AndroidManifest.xml:72:9-65
	android:name
		ADDED from src/main/AndroidManifest.xml:72:19-62
activity#com.uplink.selfstore.activity.SmHardwareActivity
ADDED from src/main/AndroidManifest.xml:73:9-65
	android:name
		ADDED from src/main/AndroidManifest.xml:73:19-62
activity#com.uplink.selfstore.activity.EmVideoCallActivity
ADDED from src/main/AndroidManifest.xml:74:9-66
	android:name
		ADDED from src/main/AndroidManifest.xml:74:19-63
activity#com.uplink.selfstore.activity.SmRescueToolActivity
ADDED from src/main/AndroidManifest.xml:75:9-67
	android:name
		ADDED from src/main/AndroidManifest.xml:75:19-64
activity#com.uplink.selfstore.activity.MainActivity
ADDED from src/main/AndroidManifest.xml:76:9-78:47
	android:launchMode
		ADDED from src/main/AndroidManifest.xml:78:13-44
	android:name
		ADDED from src/main/AndroidManifest.xml:77:13-50
activity#com.uplink.selfstore.activity.ProductKindActivity
ADDED from src/main/AndroidManifest.xml:80:9-66
	android:name
		ADDED from src/main/AndroidManifest.xml:80:19-63
activity#com.uplink.selfstore.activity.ProductDetailsActivity
ADDED from src/main/AndroidManifest.xml:81:9-83:47
	android:launchMode
		ADDED from src/main/AndroidManifest.xml:83:13-44
	android:name
		ADDED from src/main/AndroidManifest.xml:82:13-60
activity#com.uplink.selfstore.activity.CartActivity
ADDED from src/main/AndroidManifest.xml:84:9-86:47
	android:launchMode
		ADDED from src/main/AndroidManifest.xml:86:13-44
	android:name
		ADDED from src/main/AndroidManifest.xml:85:13-50
activity#com.uplink.selfstore.activity.SmHomeActivity
ADDED from src/main/AndroidManifest.xml:87:9-61
	android:name
		ADDED from src/main/AndroidManifest.xml:87:19-58
activity#com.uplink.selfstore.activity.SmMachineInfoActivity
ADDED from src/main/AndroidManifest.xml:88:9-68
	android:name
		ADDED from src/main/AndroidManifest.xml:88:19-65
receiver#com.uplink.selfstore.broadcast.BootBroadcastReceiver
ADDED from src/main/AndroidManifest.xml:90:9-96:20
	android:name
		ADDED from src/main/AndroidManifest.xml:90:19-66
intent-filter#action:name:android.intent.action.BOOT_COMPLETED+category:name:android.intent.category.LAUNCHER
ADDED from src/main/AndroidManifest.xml:91:13-95:29
action#android.intent.action.BOOT_COMPLETED
ADDED from src/main/AndroidManifest.xml:92:17-79
	android:name
		ADDED from src/main/AndroidManifest.xml:92:25-76
activity#com.uplink.selfstore.activity.SmLoginActivity
ADDED from src/main/AndroidManifest.xml:112:9-62
	android:name
		ADDED from src/main/AndroidManifest.xml:112:19-59
activity#com.uplink.selfstore.activity.SmMachineStockActivity
ADDED from src/main/AndroidManifest.xml:113:9-69
	android:name
		ADDED from src/main/AndroidManifest.xml:113:19-66
service#com.uplink.selfstore.service.UpdateAppService
ADDED from src/main/AndroidManifest.xml:115:9-61
	android:name
		ADDED from src/main/AndroidManifest.xml:115:18-58
service#com.uplink.selfstore.service.AlarmService
ADDED from src/main/AndroidManifest.xml:116:9-119:39
	android:enabled
		ADDED from src/main/AndroidManifest.xml:118:13-35
	android:exported
		ADDED from src/main/AndroidManifest.xml:119:13-36
	android:name
		ADDED from src/main/AndroidManifest.xml:117:13-49
service#org.eclipse.paho.android.service.MqttService
ADDED from src/main/AndroidManifest.xml:120:9-80
	android:name
		ADDED from src/main/AndroidManifest.xml:120:18-77
service#com.uplink.selfstore.service.MqttServer
ADDED from src/main/AndroidManifest.xml:121:9-124:15
	android:enabled
		ADDED from src/main/AndroidManifest.xml:122:13-35
	android:exported
		ADDED from src/main/AndroidManifest.xml:123:13-36
	android:name
		ADDED from src/main/AndroidManifest.xml:121:18-52
receiver#com.uplink.selfstore.broadcast.AlarmReceiver
ADDED from src/main/AndroidManifest.xml:125:9-61
	android:name
		ADDED from src/main/AndroidManifest.xml:125:19-58
meta-data#EASEMOB_APPKEY
ADDED from src/main/AndroidManifest.xml:128:9-130:58
	android:value
		ADDED from src/main/AndroidManifest.xml:130:13-55
	android:name
		ADDED from src/main/AndroidManifest.xml:129:13-42
service#com.hyphenate.chat.EMChatService
ADDED from src/main/AndroidManifest.xml:132:9-134:39
	android:exported
		ADDED from src/main/AndroidManifest.xml:134:13-36
	android:name
		ADDED from src/main/AndroidManifest.xml:133:13-60
service#com.hyphenate.chat.EMJobService
ADDED from src/main/AndroidManifest.xml:135:9-138:72
	android:exported
		ADDED from src/main/AndroidManifest.xml:137:13-36
	android:permission
		ADDED from src/main/AndroidManifest.xml:138:13-69
	android:name
		ADDED from src/main/AndroidManifest.xml:136:13-59
receiver#com.hyphenate.chat.EMMonitorReceiver
ADDED from src/main/AndroidManifest.xml:139:9-150:20
	android:name
		ADDED from src/main/AndroidManifest.xml:139:19-70
intent-filter#action:name:android.intent.action.PACKAGE_REMOVED+data:scheme:package
ADDED from src/main/AndroidManifest.xml:140:13-144:29
action#android.intent.action.PACKAGE_REMOVED
ADDED from src/main/AndroidManifest.xml:141:17-80
	android:name
		ADDED from src/main/AndroidManifest.xml:141:25-77
data
ADDED from src/main/AndroidManifest.xml:143:17-50
	android:scheme
		ADDED from src/main/AndroidManifest.xml:143:23-47
intent-filter#action:name:android.intent.action.BOOT_COMPLETED+action:name:android.intent.action.USER_PRESENT
ADDED from src/main/AndroidManifest.xml:146:13-149:29
action#android.intent.action.USER_PRESENT
ADDED from src/main/AndroidManifest.xml:148:17-77
	android:name
		ADDED from src/main/AndroidManifest.xml:148:25-74
uses-sdk
INJECTED from src/main/AndroidManifest.xml reason: use-sdk injection requested
INJECTED from src/main/AndroidManifest.xml
INJECTED from src/main/AndroidManifest.xml
MERGED from [com.android.support:design:27.1.1] AndroidManifest.xml:20:5-44
MERGED from [com.android.support:design:27.1.1] AndroidManifest.xml:20:5-44
MERGED from [com.android.support:appcompat-v7:27.1.1] AndroidManifest.xml:20:5-44
MERGED from [com.android.support:appcompat-v7:27.1.1] AndroidManifest.xml:20:5-44
MERGED from [com.journeyapps:zxing-android-embedded:3.3.0] AndroidManifest.xml:19:5-43
MERGED from [com.journeyapps:zxing-android-embedded:3.3.0] AndroidManifest.xml:19:5-43
MERGED from [com.android.support:support-v4:27.1.1] AndroidManifest.xml:20:5-44
MERGED from [com.android.support:support-v4:27.1.1] AndroidManifest.xml:20:5-44
MERGED from [com.android.support:support-fragment:27.1.1] AndroidManifest.xml:20:5-44
MERGED from [com.android.support:support-fragment:27.1.1] AndroidManifest.xml:20:5-44
MERGED from [com.android.support:animated-vector-drawable:27.1.1] AndroidManifest.xml:20:5-44
MERGED from [com.android.support:animated-vector-drawable:27.1.1] AndroidManifest.xml:20:5-44
MERGED from [com.android.support:recyclerview-v7:27.1.1] AndroidManifest.xml:20:5-44
MERGED from [com.android.support:recyclerview-v7:27.1.1] AndroidManifest.xml:20:5-44
MERGED from [com.android.support:support-core-ui:27.1.1] AndroidManifest.xml:20:5-44
MERGED from [com.android.support:support-core-ui:27.1.1] AndroidManifest.xml:20:5-44
MERGED from [com.android.support:support-core-utils:27.1.1] AndroidManifest.xml:20:5-44
MERGED from [com.android.support:support-core-utils:27.1.1] AndroidManifest.xml:20:5-44
MERGED from [com.android.support:support-vector-drawable:27.1.1] AndroidManifest.xml:20:5-44
MERGED from [com.android.support:support-vector-drawable:27.1.1] AndroidManifest.xml:20:5-44
MERGED from [com.android.support:transition:27.1.1] AndroidManifest.xml:20:5-44
MERGED from [com.android.support:transition:27.1.1] AndroidManifest.xml:20:5-44
MERGED from [com.android.support:support-media-compat:27.1.1] AndroidManifest.xml:20:5-44
MERGED from [com.android.support:support-media-compat:27.1.1] AndroidManifest.xml:20:5-44
MERGED from [com.android.support:support-compat:27.1.1] AndroidManifest.xml:20:5-44
MERGED from [com.android.support:support-compat:27.1.1] AndroidManifest.xml:20:5-44
MERGED from [android.arch.lifecycle:livedata-core:1.1.0] AndroidManifest.xml:20:5-44
MERGED from [android.arch.lifecycle:livedata-core:1.1.0] AndroidManifest.xml:20:5-44
MERGED from [android.arch.lifecycle:viewmodel:1.1.0] AndroidManifest.xml:20:5-44
MERGED from [android.arch.lifecycle:viewmodel:1.1.0] AndroidManifest.xml:20:5-44
MERGED from [android.arch.lifecycle:runtime:1.1.0] AndroidManifest.xml:20:5-44
MERGED from [android.arch.lifecycle:runtime:1.1.0] AndroidManifest.xml:20:5-44
MERGED from [android.arch.core:runtime:1.1.0] AndroidManifest.xml:20:5-44
MERGED from [android.arch.core:runtime:1.1.0] AndroidManifest.xml:20:5-44
INJECTED from src/main/AndroidManifest.xml
INJECTED from src/main/AndroidManifest.xml
	android:targetSdkVersion
		INJECTED from src/main/AndroidManifest.xml
		ADDED from src/main/AndroidManifest.xml
		INJECTED from src/main/AndroidManifest.xml
	android:minSdkVersion
		INJECTED from src/main/AndroidManifest.xml
		ADDED from src/main/AndroidManifest.xml
		INJECTED from src/main/AndroidManifest.xml
uses-feature#android.hardware.camera.front
ADDED from [com.journeyapps:zxing-android-embedded:3.3.0] AndroidManifest.xml:27:5-29:36
	android:required
		ADDED from [com.journeyapps:zxing-android-embedded:3.3.0] AndroidManifest.xml:29:9-33
	android:name
		ADDED from [com.journeyapps:zxing-android-embedded:3.3.0] AndroidManifest.xml:28:9-53
uses-feature#android.hardware.camera.flash
ADDED from [com.journeyapps:zxing-android-embedded:3.3.0] AndroidManifest.xml:35:5-37:36
	android:required
		ADDED from [com.journeyapps:zxing-android-embedded:3.3.0] AndroidManifest.xml:37:9-33
	android:name
		ADDED from [com.journeyapps:zxing-android-embedded:3.3.0] AndroidManifest.xml:36:9-53
uses-feature#android.hardware.screen.landscape
ADDED from [com.journeyapps:zxing-android-embedded:3.3.0] AndroidManifest.xml:38:5-40:36
	android:required
		ADDED from [com.journeyapps:zxing-android-embedded:3.3.0] AndroidManifest.xml:40:9-33
	android:name
		ADDED from [com.journeyapps:zxing-android-embedded:3.3.0] AndroidManifest.xml:39:9-57
uses-feature#android.hardware.wifi
ADDED from [com.journeyapps:zxing-android-embedded:3.3.0] AndroidManifest.xml:41:5-43:36
	android:required
		ADDED from [com.journeyapps:zxing-android-embedded:3.3.0] AndroidManifest.xml:43:9-33
	android:name
		ADDED from [com.journeyapps:zxing-android-embedded:3.3.0] AndroidManifest.xml:42:9-45
activity#com.journeyapps.barcodescanner.CaptureActivity
ADDED from [com.journeyapps:zxing-android-embedded:3.3.0] AndroidManifest.xml:46:9-52:63
	android:screenOrientation
		ADDED from [com.journeyapps:zxing-android-embedded:3.3.0] AndroidManifest.xml:49:13-56
	android:clearTaskOnLaunch
		ADDED from [com.journeyapps:zxing-android-embedded:3.3.0] AndroidManifest.xml:48:13-45
	android:stateNotNeeded
		ADDED from [com.journeyapps:zxing-android-embedded:3.3.0] AndroidManifest.xml:50:13-42
	android:windowSoftInputMode
		ADDED from [com.journeyapps:zxing-android-embedded:3.3.0] AndroidManifest.xml:52:13-60
	android:theme
		ADDED from [com.journeyapps:zxing-android-embedded:3.3.0] AndroidManifest.xml:51:13-54
	android:name
		ADDED from [com.journeyapps:zxing-android-embedded:3.3.0] AndroidManifest.xml:47:13-74